2026-04-05 15:58:31,859 - INFO - === 两阶段严谨微调 (含混合精度) cloud 模型 | 设备: cuda | Batch: 16 ===
2026-04-05 15:58:33,770 - INFO - 
[Stage 1] 开始冻结骨干网络，仅训练分类头 5 轮...
2026-04-05 16:02:38,671 - INFO - --> Stage 1 Epoch 1 验证集准确率: 67.04% | 平均Loss: 1.6364
2026-04-05 16:06:30,999 - INFO - --> Stage 1 Epoch 2 验证集准确率: 68.95% | 平均Loss: 1.2234
2026-04-05 16:10:27,562 - INFO - --> Stage 1 Epoch 3 验证集准确率: 69.44% | 平均Loss: 1.1212
2026-04-05 16:14:21,285 - INFO - --> Stage 1 Epoch 4 验证集准确率: 69.64% | 平均Loss: 1.0667
2026-04-05 16:18:18,193 - INFO - --> Stage 1 Epoch 5 验证集准确率: 70.35% | 平均Loss: 1.0261
2026-04-05 16:18:18,193 - INFO - [Stage 1 完成] 骨干网络已解冻，准备进入全量微调阶段。

2026-04-05 16:18:18,193 - INFO - [Stage 2] 开始全量微调，共 15 轮...
2026-04-05 16:18:18,193 - INFO - 已启用差异化学习率: 主干网络=1e-05, 分类头=1e-04
2026-04-05 16:28:08,576 - INFO - --> Stage 2 Epoch 1 验证集准确率: 77.04% | 平均Loss: 0.8204
2026-04-05 16:28:08,846 - INFO -     [★] 验证集表现提升，已保存最佳模型！(Acc: 77.04%)
2026-04-05 16:37:56,486 - INFO - --> Stage 2 Epoch 2 验证集准确率: 77.93% | 平均Loss: 0.5746
2026-04-05 16:37:56,723 - INFO -     [★] 验证集表现提升，已保存最佳模型！(Acc: 77.93%)
2026-04-05 16:47:41,661 - INFO - --> Stage 2 Epoch 3 验证集准确率: 79.14% | 平均Loss: 0.4189
2026-04-05 16:47:41,897 - INFO -     [★] 验证集表现提升，已保存最佳模型！(Acc: 79.14%)
2026-04-05 16:57:26,287 - INFO - --> Stage 2 Epoch 4 验证集准确率: 79.00% | 平均Loss: 0.2983
2026-04-05 17:07:11,251 - INFO - --> Stage 2 Epoch 5 验证集准确率: 79.54% | 平均Loss: 0.2071
2026-04-05 17:07:11,478 - INFO -     [★] 验证集表现提升，已保存最佳模型！(Acc: 79.54%)
2026-04-05 17:16:56,493 - INFO - --> Stage 2 Epoch 6 验证集准确率: 79.71% | 平均Loss: 0.1429
2026-04-05 17:16:56,741 - INFO -     [★] 验证集表现提升，已保存最佳模型！(Acc: 79.71%)
2026-04-05 17:26:40,916 - INFO - --> Stage 2 Epoch 7 验证集准确率: 80.13% | 平均Loss: 0.0941
2026-04-05 17:26:41,156 - INFO -     [★] 验证集表现提升，已保存最佳模型！(Acc: 80.13%)
2026-04-05 17:36:25,746 - INFO - --> Stage 2 Epoch 8 验证集准确率: 80.67% | 平均Loss: 0.0623
2026-04-05 17:36:25,975 - INFO -     [★] 验证集表现提升，已保存最佳模型！(Acc: 80.67%)
2026-04-05 17:46:10,349 - INFO - --> Stage 2 Epoch 9 验证集准确率: 80.90% | 平均Loss: 0.0393
2026-04-05 17:46:10,583 - INFO -     [★] 验证集表现提升，已保存最佳模型！(Acc: 80.90%)
2026-04-05 17:55:55,164 - INFO - --> Stage 2 Epoch 10 验证集准确率: 81.10% | 平均Loss: 0.0252
2026-04-05 17:55:55,393 - INFO -     [★] 验证集表现提升，已保存最佳模型！(Acc: 81.10%)
2026-04-05 18:06:03,136 - INFO - --> Stage 2 Epoch 11 验证集准确率: 81.04% | 平均Loss: 0.0164
2026-04-05 18:15:50,629 - INFO - --> Stage 2 Epoch 12 验证集准确率: 81.57% | 平均Loss: 0.0099
2026-04-05 18:15:50,866 - INFO -     [★] 验证集表现提升，已保存最佳模型！(Acc: 81.57%)
2026-04-05 18:25:35,465 - INFO - --> Stage 2 Epoch 13 验证集准确率: 81.89% | 平均Loss: 0.0073
2026-04-05 18:25:35,706 - INFO -     [★] 验证集表现提升，已保存最佳模型！(Acc: 81.89%)
2026-04-05 18:35:19,748 - INFO - --> Stage 2 Epoch 14 验证集准确率: 82.02% | 平均Loss: 0.0052
2026-04-05 18:35:19,992 - INFO -     [★] 验证集表现提升，已保存最佳模型！(Acc: 82.02%)
2026-04-05 18:45:04,428 - INFO - --> Stage 2 Epoch 15 验证集准确率: 81.89% | 平均Loss: 0.0045
2026-04-05 18:45:04,428 - INFO - 
=== 开始进行 cloud 最终测试集评估 ===
2026-04-05 18:46:38,460 - INFO - !!! 最终盲测 - 测试集准确率(Test Acc): 86.36% !!!

