2026-04-05 13:50:59,455 - INFO - === 两阶段严谨微调 (含混合精度) edge 模型 | 设备: cuda | Batch: 128 ===
2026-04-05 13:51:00,441 - INFO - [Stage 2] 开始全量微调，共 20 轮...
2026-04-05 13:54:00,070 - INFO - --> Stage 2 Epoch 1 验证集准确率: 59.25% | 平均Loss: 2.3494
2026-04-05 13:54:00,141 - INFO -     [★] 验证集表现提升，已保存最佳模型！(Acc: 59.25%)
2026-04-05 13:57:43,660 - INFO - --> Stage 2 Epoch 2 验证集准确率: 63.78% | 平均Loss: 1.4812
2026-04-05 13:57:43,691 - INFO -     [★] 验证集表现提升，已保存最佳模型！(Acc: 63.78%)
2026-04-05 14:00:21,059 - INFO - --> Stage 2 Epoch 3 验证集准确率: 66.57% | 平均Loss: 1.2506
2026-04-05 14:00:21,083 - INFO -     [★] 验证集表现提升，已保存最佳模型！(Acc: 66.57%)
2026-04-05 14:03:12,382 - INFO - --> Stage 2 Epoch 4 验证集准确率: 68.49% | 平均Loss: 1.1040
2026-04-05 14:03:12,402 - INFO -     [★] 验证集表现提升，已保存最佳模型！(Acc: 68.49%)
2026-04-05 14:05:46,089 - INFO - --> Stage 2 Epoch 5 验证集准确率: 67.85% | 平均Loss: 0.9821
2026-04-05 14:08:28,990 - INFO - --> Stage 2 Epoch 6 验证集准确率: 68.32% | 平均Loss: 0.8869
2026-04-05 14:10:57,918 - INFO - --> Stage 2 Epoch 7 验证集准确率: 69.85% | 平均Loss: 0.8062
2026-04-05 14:10:57,941 - INFO -     [★] 验证集表现提升，已保存最佳模型！(Acc: 69.85%)
2026-04-05 14:13:28,054 - INFO - --> Stage 2 Epoch 8 验证集准确率: 70.03% | 平均Loss: 0.7304
2026-04-05 14:13:28,077 - INFO -     [★] 验证集表现提升，已保存最佳模型！(Acc: 70.03%)
2026-04-05 14:15:49,925 - INFO - --> Stage 2 Epoch 9 验证集准确率: 69.72% | 平均Loss: 0.6646
2026-04-05 14:18:41,405 - INFO - --> Stage 2 Epoch 10 验证集准确率: 69.78% | 平均Loss: 0.6054
2026-04-05 14:21:20,320 - INFO - --> Stage 2 Epoch 11 验证集准确率: 69.85% | 平均Loss: 0.5505
2026-04-05 14:24:07,195 - INFO - --> Stage 2 Epoch 12 验证集准确率: 70.02% | 平均Loss: 0.5049
2026-04-05 14:27:00,429 - INFO - --> Stage 2 Epoch 13 验证集准确率: 70.81% | 平均Loss: 0.4605
2026-04-05 14:27:00,455 - INFO -     [★] 验证集表现提升，已保存最佳模型！(Acc: 70.81%)
2026-04-05 14:31:38,457 - INFO - --> Stage 2 Epoch 14 验证集准确率: 71.00% | 平均Loss: 0.4277
2026-04-05 14:31:38,513 - INFO -     [★] 验证集表现提升，已保存最佳模型！(Acc: 71.00%)
2026-04-05 14:34:34,875 - INFO - --> Stage 2 Epoch 15 验证集准确率: 70.55% | 平均Loss: 0.3990
2026-04-05 14:36:46,247 - INFO - --> Stage 2 Epoch 16 验证集准确率: 70.77% | 平均Loss: 0.3736
2026-04-05 14:39:05,536 - INFO - --> Stage 2 Epoch 17 验证集准确率: 70.79% | 平均Loss: 0.3554
2026-04-05 14:41:08,753 - INFO - --> Stage 2 Epoch 18 验证集准确率: 70.94% | 平均Loss: 0.3412
2026-04-05 14:43:13,109 - INFO - --> Stage 2 Epoch 19 验证集准确率: 70.98% | 平均Loss: 0.3312
2026-04-05 14:45:32,908 - INFO - --> Stage 2 Epoch 20 验证集准确率: 70.98% | 平均Loss: 0.3289
2026-04-05 14:45:32,908 - INFO - 
=== 开始进行 edge 最终测试集评估 ===
2026-04-05 14:47:25,301 - INFO - !!! 最终盲测 - 测试集准确率(Test Acc): 76.23% !!!

