2026-04-04 21:37:54,388 - INFO - === 两阶段严谨微调 (含混合精度) cloud 模型 | 设备: cuda | Batch: 16 ===
2026-04-04 21:37:57,324 - INFO - 
[Stage 1] 开始冻结骨干网络，仅训练分类头 5 轮...
2026-04-04 21:40:33,404 - INFO - --> Stage 1 Epoch 1 验证集准确率: 79.40% | 平均Loss: 0.9236
2026-04-04 21:43:04,657 - INFO - --> Stage 1 Epoch 2 验证集准确率: 80.18% | 平均Loss: 0.5785
2026-04-04 21:45:36,926 - INFO - --> Stage 1 Epoch 3 验证集准确率: 80.04% | 平均Loss: 0.4799
2026-04-04 21:48:08,193 - INFO - --> Stage 1 Epoch 4 验证集准确率: 80.16% | 平均Loss: 0.4261
2026-04-04 21:50:38,761 - INFO - --> Stage 1 Epoch 5 验证集准确率: 79.64% | 平均Loss: 0.3833
2026-04-04 21:50:38,763 - INFO - [Stage 1 完成] 骨干网络已解冻，准备进入全量微调阶段。

2026-04-04 21:50:38,763 - INFO - [Stage 2] 开始全量微调，共 15 轮...
2026-04-04 21:57:20,419 - INFO - --> Stage 2 Epoch 1 验证集准确率: 56.22% | 平均Loss: 1.8803
2026-04-04 21:57:20,688 - INFO -     [★] 验证集表现提升，已保存最佳模型！(Acc: 56.22%)
2026-04-04 22:03:58,918 - INFO - --> Stage 2 Epoch 2 验证集准确率: 63.76% | 平均Loss: 1.2286
2026-04-04 22:03:59,163 - INFO -     [★] 验证集表现提升，已保存最佳模型！(Acc: 63.76%)
2026-04-04 22:10:39,091 - INFO - --> Stage 2 Epoch 3 验证集准确率: 68.34% | 平均Loss: 0.9538
2026-04-04 22:10:39,345 - INFO -     [★] 验证集表现提升，已保存最佳模型！(Acc: 68.34%)
2026-04-04 22:17:21,434 - INFO - --> Stage 2 Epoch 4 验证集准确率: 69.30% | 平均Loss: 0.7382
2026-04-04 22:17:21,681 - INFO -     [★] 验证集表现提升，已保存最佳模型！(Acc: 69.30%)
2026-04-04 22:24:00,249 - INFO - --> Stage 2 Epoch 5 验证集准确率: 71.20% | 平均Loss: 0.5698
2026-04-04 22:24:00,498 - INFO -     [★] 验证集表现提升，已保存最佳模型！(Acc: 71.20%)
