2026-04-04 20:05:00,629 - INFO - === 两阶段严谨微调 (含混合精度) edge 模型 | 设备: cuda | Batch: 32 ===
2026-04-04 20:05:02,547 - INFO - [Stage 2] 开始全量微调，共 15 轮...
2026-04-04 20:06:01,490 - INFO - --> Stage 2 Epoch 1 验证集准确率: 43.10% | 平均Loss: 1.6016
2026-04-04 20:06:01,510 - INFO -     [★] 验证集表现提升，已保存最佳模型！(Acc: 43.10%)
2026-04-04 20:07:23,908 - INFO - --> Stage 2 Epoch 2 验证集准确率: 67.98% | 平均Loss: 1.0344
2026-04-04 20:07:23,956 - INFO -     [★] 验证集表现提升，已保存最佳模型！(Acc: 67.98%)
2026-04-04 20:08:41,471 - INFO - --> Stage 2 Epoch 3 验证集准确率: 67.34% | 平均Loss: 0.8057
2026-04-04 20:10:05,001 - INFO - --> Stage 2 Epoch 4 验证集准确率: 62.22% | 平均Loss: 0.6531
2026-04-04 20:10:56,981 - INFO - --> Stage 2 Epoch 5 验证集准确率: 71.08% | 平均Loss: 0.5148
2026-04-04 20:10:57,000 - INFO -     [★] 验证集表现提升，已保存最佳模型！(Acc: 71.08%)
2026-04-04 20:12:21,828 - INFO - --> Stage 2 Epoch 6 验证集准确率: 72.82% | 平均Loss: 0.4048
2026-04-04 20:12:21,847 - INFO -     [★] 验证集表现提升，已保存最佳模型！(Acc: 72.82%)
2026-04-04 20:13:52,794 - INFO - --> Stage 2 Epoch 7 验证集准确率: 74.04% | 平均Loss: 0.3060
2026-04-04 20:13:52,819 - INFO -     [★] 验证集表现提升，已保存最佳模型！(Acc: 74.04%)
2026-04-04 20:15:12,754 - INFO - --> Stage 2 Epoch 8 验证集准确率: 75.74% | 平均Loss: 0.2257
2026-04-04 20:15:12,812 - INFO -     [★] 验证集表现提升，已保存最佳模型！(Acc: 75.74%)
2026-04-04 20:16:22,378 - INFO - --> Stage 2 Epoch 9 验证集准确率: 77.64% | 平均Loss: 0.1585
2026-04-04 20:16:22,400 - INFO -     [★] 验证集表现提升，已保存最佳模型！(Acc: 77.64%)
2026-04-04 20:17:12,858 - INFO - --> Stage 2 Epoch 10 验证集准确率: 78.58% | 平均Loss: 0.1058
2026-04-04 20:17:12,880 - INFO -     [★] 验证集表现提升，已保存最佳模型！(Acc: 78.58%)
2026-04-04 20:18:03,222 - INFO - --> Stage 2 Epoch 11 验证集准确率: 78.28% | 平均Loss: 0.0749
2026-04-04 20:18:54,184 - INFO - --> Stage 2 Epoch 12 验证集准确率: 79.92% | 平均Loss: 0.0451
2026-04-04 20:18:54,204 - INFO -     [★] 验证集表现提升，已保存最佳模型！(Acc: 79.92%)
2026-04-04 20:19:46,047 - INFO - --> Stage 2 Epoch 13 验证集准确率: 80.92% | 平均Loss: 0.0301
2026-04-04 20:19:46,066 - INFO -     [★] 验证集表现提升，已保存最佳模型！(Acc: 80.92%)
2026-04-04 20:20:36,693 - INFO - --> Stage 2 Epoch 14 验证集准确率: 81.38% | 平均Loss: 0.0229
2026-04-04 20:20:36,713 - INFO -     [★] 验证集表现提升，已保存最佳模型！(Acc: 81.38%)
2026-04-04 20:21:37,353 - INFO - --> Stage 2 Epoch 15 验证集准确率: 81.30% | 平均Loss: 0.0177
2026-04-04 20:21:37,353 - INFO - 
=== 开始进行 edge 最终测试集评估 ===
2026-04-04 20:21:52,143 - INFO - !!! 最终盲测 - 测试集准确率(Test Acc): 80.79% !!!

